[debug] [2020-10-10T12:07:45.337Z] ----------------------------------------------------------------------
[debug] [2020-10-10T12:07:45.339Z] Command:       D:\UDLAP\Aplicaciones en ambientes distribuidos\node.exe C:\Users\chito\AppData\Roaming\npm\node_modules\firebase-tools\lib\bin\firebase.js serve
[debug] [2020-10-10T12:07:45.339Z] CLI Version:   8.12.1
[debug] [2020-10-10T12:07:45.339Z] Platform:      win32
[debug] [2020-10-10T12:07:45.340Z] Node Version:  v14.13.1
[debug] [2020-10-10T12:07:45.342Z] Time:          Sat Oct 10 2020 07:07:45 GMT-0500 (hora de verano central)
[debug] [2020-10-10T12:07:45.343Z] ----------------------------------------------------------------------
[debug] [2020-10-10T12:07:45.343Z] 
[debug] [2020-10-10T12:07:45.351Z] > command requires scopes: ["email","openid","https://www.googleapis.com/auth/cloudplatformprojects.readonly","https://www.googleapis.com/auth/firebase","https://www.googleapis.com/auth/cloud-platform"]
[debug] [2020-10-10T12:07:45.351Z] > authorizing via signed-in user
[debug] [2020-10-10T12:07:45.351Z] [iam] checking project calculadora-de-chito for permissions ["firebase.projects.get"]
[debug] [2020-10-10T12:07:45.355Z] >>> HTTP REQUEST POST https://cloudresourcemanager.googleapis.com/v1/projects/calculadora-de-chito:testIamPermissions  
 {"permissions":["firebase.projects.get"]}
[debug] [2020-10-10T12:07:45.800Z] <<< HTTP RESPONSE 200 {"content-type":"application/json; charset=UTF-8","vary":"X-Origin, Referer, Origin,Accept-Encoding","date":"Sat, 10 Oct 2020 12:07:46 GMT","server":"ESF","cache-control":"private","x-xss-protection":"0","x-frame-options":"SAMEORIGIN","x-content-type-options":"nosniff","server-timing":"gfet4t7; dur=243","alt-svc":"h3-Q050=\":443\"; ma=2592000,h3-29=\":443\"; ma=2592000,h3-27=\":443\"; ma=2592000,h3-T051=\":443\"; ma=2592000,h3-T050=\":443\"; ma=2592000,h3-Q046=\":443\"; ma=2592000,h3-Q043=\":443\"; ma=2592000,quic=\":443\"; ma=2592000; v=\"46,43\"","accept-ranges":"none","transfer-encoding":"chunked"}
[debug] [2020-10-10T12:07:45.802Z] >>> HTTP REQUEST GET https://firebase.googleapis.com/v1beta1/projects/calculadora-de-chito  
 
[debug] [2020-10-10T12:07:46.066Z] <<< HTTP RESPONSE 200 {"content-type":"application/json; charset=UTF-8","vary":"X-Origin, Referer, Origin,Accept-Encoding","date":"Sat, 10 Oct 2020 12:07:46 GMT","server":"ESF","cache-control":"private","x-xss-protection":"0","x-frame-options":"SAMEORIGIN","x-content-type-options":"nosniff","alt-svc":"h3-Q050=\":443\"; ma=2592000,h3-29=\":443\"; ma=2592000,h3-27=\":443\"; ma=2592000,h3-T051=\":443\"; ma=2592000,h3-T050=\":443\"; ma=2592000,h3-Q046=\":443\"; ma=2592000,h3-Q043=\":443\"; ma=2592000,quic=\":443\"; ma=2592000; v=\"46,43\"","accept-ranges":"none","transfer-encoding":"chunked"}
[info] 
[info] === Serving from 'D:\UDLAP\Aplicaciones en ambientes distribuidos\calculadora'...
[info] 
[debug] [2020-10-10T12:07:46.069Z] >>> HTTP REQUEST GET https://firebase.googleapis.com/v1beta1/projects/calculadora-de-chito/webApps/-/config  
 
[debug] [2020-10-10T12:07:46.557Z] <<< HTTP RESPONSE 200 {"content-type":"application/json; charset=UTF-8","vary":"X-Origin, Referer, Origin,Accept-Encoding","date":"Sat, 10 Oct 2020 12:07:46 GMT","server":"ESF","cache-control":"private","x-xss-protection":"0","x-frame-options":"SAMEORIGIN","x-content-type-options":"nosniff","alt-svc":"h3-Q050=\":443\"; ma=2592000,h3-29=\":443\"; ma=2592000,h3-27=\":443\"; ma=2592000,h3-T051=\":443\"; ma=2592000,h3-T050=\":443\"; ma=2592000,h3-Q046=\":443\"; ma=2592000,h3-Q043=\":443\"; ma=2592000,quic=\":443\"; ma=2592000; v=\"46,43\"","accept-ranges":"none","transfer-encoding":"chunked"}
[info] i  hosting: Serving hosting files from: public {"metadata":{"emulator":{"name":"hosting"},"message":"Serving hosting files from: \u001b[1mpublic\u001b[22m"}}
[info] +  hosting: Local server: http://localhost:5000 {"metadata":{"emulator":{"name":"hosting"},"message":"Local server: \u001b[4m\u001b[1mhttp://localhost:5000\u001b[22m\u001b[24m"}}
[debug] [2020-10-10T12:12:06.823Z] ----------------------------------------------------------------------
[debug] [2020-10-10T12:12:06.825Z] Command:       D:\UDLAP\Aplicaciones en ambientes distribuidos\node.exe C:\Users\chito\AppData\Roaming\npm\node_modules\firebase-tools\lib\bin\firebase.js deploy --only hosting:calculadorachito
[debug] [2020-10-10T12:12:06.825Z] CLI Version:   8.12.1
[debug] [2020-10-10T12:12:06.825Z] Platform:      win32
[debug] [2020-10-10T12:12:06.825Z] Node Version:  v14.13.1
[debug] [2020-10-10T12:12:06.826Z] Time:          Sat Oct 10 2020 07:12:06 GMT-0500 (hora de verano central)
[debug] [2020-10-10T12:12:06.826Z] ----------------------------------------------------------------------
[debug] [2020-10-10T12:12:06.826Z] 
[debug] [2020-10-10T12:12:06.838Z] > command requires scopes: ["email","openid","https://www.googleapis.com/auth/cloudplatformprojects.readonly","https://www.googleapis.com/auth/firebase","https://www.googleapis.com/auth/cloud-platform"]
[debug] [2020-10-10T12:12:06.838Z] > authorizing via signed-in user
[debug] [2020-10-10T12:12:06.839Z] [iam] checking project calculadora-de-chito for permissions ["firebase.projects.get","firebasehosting.sites.update"]
[debug] [2020-10-10T12:12:06.842Z] >>> HTTP REQUEST POST https://cloudresourcemanager.googleapis.com/v1/projects/calculadora-de-chito:testIamPermissions  
 {"permissions":["firebase.projects.get","firebasehosting.sites.update"]}
[debug] [2020-10-10T12:12:07.310Z] <<< HTTP RESPONSE 200 {"content-type":"application/json; charset=UTF-8","vary":"X-Origin, Referer, Origin,Accept-Encoding","date":"Sat, 10 Oct 2020 12:12:07 GMT","server":"ESF","cache-control":"private","x-xss-protection":"0","x-frame-options":"SAMEORIGIN","x-content-type-options":"nosniff","server-timing":"gfet4t7; dur=209","alt-svc":"h3-Q050=\":443\"; ma=2592000,h3-29=\":443\"; ma=2592000,h3-27=\":443\"; ma=2592000,h3-T051=\":443\"; ma=2592000,h3-T050=\":443\"; ma=2592000,h3-Q046=\":443\"; ma=2592000,h3-Q043=\":443\"; ma=2592000,quic=\":443\"; ma=2592000; v=\"46,43\"","accept-ranges":"none","transfer-encoding":"chunked"}
[debug] [2020-10-10T12:12:07.317Z] >>> HTTP REQUEST GET https://firebase.googleapis.com/v1beta1/projects/calculadora-de-chito  
 
[debug] [2020-10-10T12:12:07.584Z] <<< HTTP RESPONSE 200 {"content-type":"application/json; charset=UTF-8","vary":"X-Origin, Referer, Origin,Accept-Encoding","date":"Sat, 10 Oct 2020 12:12:07 GMT","server":"ESF","cache-control":"private","x-xss-protection":"0","x-frame-options":"SAMEORIGIN","x-content-type-options":"nosniff","alt-svc":"h3-Q050=\":443\"; ma=2592000,h3-29=\":443\"; ma=2592000,h3-27=\":443\"; ma=2592000,h3-T051=\":443\"; ma=2592000,h3-T050=\":443\"; ma=2592000,h3-Q046=\":443\"; ma=2592000,h3-Q043=\":443\"; ma=2592000,quic=\":443\"; ma=2592000; v=\"46,43\"","accept-ranges":"none","transfer-encoding":"chunked"}
[info] 
[info] === Deploying to 'calculadora-de-chito'...
[info] 
[info] i  deploying hosting 
[info] 
[info] +  Deploy complete! 
[info] 
[info] Project Console: https://console.firebase.google.com/project/calculadora-de-chito/overview
[debug] [2020-10-10T12:12:07.790Z] TypeError: Cannot read property 'deploys' of undefined
    at C:\Users\chito\AppData\Roaming\npm\node_modules\firebase-tools\lib\deploy\index.js:85:36
    at processTicksAndRejections (internal/process/task_queues.js:93:5)
[error] 
[error] Error: An unexpected error has occurred.
[debug] [2020-10-10T12:14:54.916Z] ----------------------------------------------------------------------
[debug] [2020-10-10T12:14:54.918Z] Command:       D:\UDLAP\Aplicaciones en ambientes distribuidos\node.exe C:\Users\chito\AppData\Roaming\npm\node_modules\firebase-tools\lib\bin\firebase.js deploy --only hosting:calculadorachito
[debug] [2020-10-10T12:14:54.919Z] CLI Version:   8.12.1
[debug] [2020-10-10T12:14:54.919Z] Platform:      win32
[debug] [2020-10-10T12:14:54.919Z] Node Version:  v14.13.1
[debug] [2020-10-10T12:14:54.923Z] Time:          Sat Oct 10 2020 07:14:54 GMT-0500 (hora de verano central)
[debug] [2020-10-10T12:14:54.924Z] ----------------------------------------------------------------------
[debug] [2020-10-10T12:14:54.924Z] 
[debug] [2020-10-10T12:14:54.934Z] > command requires scopes: ["email","openid","https://www.googleapis.com/auth/cloudplatformprojects.readonly","https://www.googleapis.com/auth/firebase","https://www.googleapis.com/auth/cloud-platform"]
[debug] [2020-10-10T12:14:54.935Z] > authorizing via signed-in user
[debug] [2020-10-10T12:14:54.936Z] [iam] checking project calculadora-de-chito for permissions ["firebase.projects.get","firebasehosting.sites.update"]
[debug] [2020-10-10T12:14:54.944Z] >>> HTTP REQUEST POST https://cloudresourcemanager.googleapis.com/v1/projects/calculadora-de-chito:testIamPermissions  
 {"permissions":["firebase.projects.get","firebasehosting.sites.update"]}
[debug] [2020-10-10T12:14:55.413Z] <<< HTTP RESPONSE 200 {"content-type":"application/json; charset=UTF-8","vary":"X-Origin, Referer, Origin,Accept-Encoding","date":"Sat, 10 Oct 2020 12:14:55 GMT","server":"ESF","cache-control":"private","x-xss-protection":"0","x-frame-options":"SAMEORIGIN","x-content-type-options":"nosniff","server-timing":"gfet4t7; dur=265","alt-svc":"h3-Q050=\":443\"; ma=2592000,h3-29=\":443\"; ma=2592000,h3-27=\":443\"; ma=2592000,h3-T051=\":443\"; ma=2592000,h3-T050=\":443\"; ma=2592000,h3-Q046=\":443\"; ma=2592000,h3-Q043=\":443\"; ma=2592000,quic=\":443\"; ma=2592000; v=\"46,43\"","accept-ranges":"none","transfer-encoding":"chunked"}
[debug] [2020-10-10T12:14:55.415Z] >>> HTTP REQUEST GET https://firebase.googleapis.com/v1beta1/projects/calculadora-de-chito  
 
[debug] [2020-10-10T12:14:55.715Z] <<< HTTP RESPONSE 200 {"content-type":"application/json; charset=UTF-8","vary":"X-Origin, Referer, Origin,Accept-Encoding","date":"Sat, 10 Oct 2020 12:14:55 GMT","server":"ESF","cache-control":"private","x-xss-protection":"0","x-frame-options":"SAMEORIGIN","x-content-type-options":"nosniff","alt-svc":"h3-Q050=\":443\"; ma=2592000,h3-29=\":443\"; ma=2592000,h3-27=\":443\"; ma=2592000,h3-T051=\":443\"; ma=2592000,h3-T050=\":443\"; ma=2592000,h3-Q046=\":443\"; ma=2592000,h3-Q043=\":443\"; ma=2592000,quic=\":443\"; ma=2592000; v=\"46,43\"","accept-ranges":"none","transfer-encoding":"chunked"}
[info] 
[info] === Deploying to 'calculadora-de-chito'...
[info] 
[info] i  deploying hosting 
[info] 
[info] +  Deploy complete! 
[info] 
[info] Project Console: https://console.firebase.google.com/project/calculadora-de-chito/overview
[debug] [2020-10-10T12:14:55.940Z] TypeError: Cannot read property 'deploys' of undefined
    at C:\Users\chito\AppData\Roaming\npm\node_modules\firebase-tools\lib\deploy\index.js:85:36
    at processTicksAndRejections (internal/process/task_queues.js:93:5)
[error] 
[error] Error: An unexpected error has occurred.
